[2023-03-06T04:20:04.911+0000] {warnings.py:109} WARNING - /home/airflow/.local/lib/python3.8/site-packages/airflow/models/taskinstance.py:871: SAWarning: TypeDecorator ExecutorConfigType() will not produce a cache key because the ``cache_ok`` attribute is not set to True.  This can have significant performance implications including some performance degradations in comparison to prior SQLAlchemy versions.  Set this attribute to True if this type object's state is safe to use in a cache key, or False to disable this warning. (Background on this error at: https://sqlalche.me/e/14/cprf)
  ti: TaskInstance | None = qry.with_for_update().one_or_none()

[2023-03-06T04:20:04.931+0000] {taskinstance.py:1165} INFO - Dependencies all met for <TaskInstance: dbt_marts_loyverse_models.wait_dbt_saltpay_redshift-public_skynet_skynet__countries scheduled__2023-03-05T04:20:00+00:00 [queued]>
[2023-03-06T04:20:04.952+0000] {taskinstance.py:1165} INFO - Dependencies all met for <TaskInstance: dbt_marts_loyverse_models.wait_dbt_saltpay_redshift-public_skynet_skynet__countries scheduled__2023-03-05T04:20:00+00:00 [queued]>
[2023-03-06T04:20:04.952+0000] {taskinstance.py:1362} INFO - 
--------------------------------------------------------------------------------
[2023-03-06T04:20:04.952+0000] {taskinstance.py:1363} INFO - Starting attempt 1 of 2
[2023-03-06T04:20:04.952+0000] {taskinstance.py:1364} INFO - 
--------------------------------------------------------------------------------
[2023-03-06T04:20:04.983+0000] {taskinstance.py:1383} INFO - Executing <Task(ExternalLatestTaskSensor): wait_dbt_saltpay_redshift-public_skynet_skynet__countries> on 2023-03-05 04:20:00+00:00
[2023-03-06T04:20:04.992+0000] {standard_task_runner.py:54} INFO - Started process 330526 to run task
[2023-03-06T04:20:04.996+0000] {standard_task_runner.py:82} INFO - Running: ['airflow', 'tasks', 'run', 'dbt_marts_loyverse_models', 'wait_dbt_saltpay_redshift-public_skynet_skynet__countries', 'scheduled__2023-03-05T04:20:00+00:00', '--job-id', '1673717', '--raw', '--subdir', 'DAGS_FOLDER/engineering/dbt/dbt_marts_loyverse_models.py', '--cfg-path', '/tmp/tmp9k2hyk2_']
[2023-03-06T04:20:04.997+0000] {standard_task_runner.py:83} INFO - Job 1673717: Subtask wait_dbt_saltpay_redshift-public_skynet_skynet__countries
[2023-03-06T04:20:04.998+0000] {dagbag.py:525} INFO - Filling up the DagBag from /opt/airflow/dags/engineering/dbt/dbt_marts_loyverse_models.py
[2023-03-06T04:20:05.012+0000] {warnings.py:109} WARNING - /home/airflow/.local/lib/python3.8/site-packages/airflow_dbt/hooks/dbt_hook.py:7: DeprecationWarning: The `airflow.hooks.base_hook.BaseHook` class is deprecated. Please use `'airflow.hooks.base.BaseHook'`.
  from airflow.hooks.base_hook import BaseHook

[2023-03-06T04:20:05.014+0000] {warnings.py:109} WARNING - /home/airflow/.local/lib/python3.8/site-packages/airflow_dbt/operators/dbt_operator.py:6: RemovedInAirflow3Warning: This decorator is deprecated. 

In previous versions, all subclasses of BaseOperator must use apply_default decorator for the `default_args` feature to work properly.

In current version, it is optional. The decorator is applied automatically using the metaclass.

  class DbtBaseOperator(BaseOperator):

[2023-03-06T04:20:05.014+0000] {warnings.py:109} WARNING - /home/airflow/.local/lib/python3.8/site-packages/airflow_dbt/operators/__init__.py:1: RemovedInAirflow3Warning: This decorator is deprecated. 

In previous versions, all subclasses of BaseOperator must use apply_default decorator for the `default_args` feature to work properly.

In current version, it is optional. The decorator is applied automatically using the metaclass.

  from .dbt_operator import (

[2023-03-06T04:20:05.017+0000] {warnings.py:109} WARNING - /home/airflow/.local/lib/python3.8/site-packages/airflow/models/dag.py:3393: RemovedInAirflow3Warning: Param `schedule_interval` is deprecated and will be removed in a future release. Please use `schedule` instead. 
  with DAG(

[2023-03-06T04:20:05.893+0000] {task_command.py:384} INFO - Running <TaskInstance: dbt_marts_loyverse_models.wait_dbt_saltpay_redshift-public_skynet_skynet__countries scheduled__2023-03-05T04:20:00+00:00 [running]> on host saltdata-platform-airflow-data-prd-eu-west-1-worker-68b9972gjbw
[2023-03-06T04:20:05.898+0000] {warnings.py:109} WARNING - /home/airflow/.local/lib/python3.8/site-packages/airflow/models/taskinstance.py:873: SAWarning: TypeDecorator ExecutorConfigType() will not produce a cache key because the ``cache_ok`` attribute is not set to True.  This can have significant performance implications including some performance degradations in comparison to prior SQLAlchemy versions.  Set this attribute to True if this type object's state is safe to use in a cache key, or False to disable this warning. (Background on this error at: https://sqlalche.me/e/14/cprf)
  ti = qry.one_or_none()

[2023-03-06T04:20:06.610+0000] {taskinstance.py:1590} INFO - Exporting the following env vars:
AIRFLOW_CTX_DAG_OWNER=AnalyticsEngineers
AIRFLOW_CTX_DAG_ID=dbt_marts_loyverse_models
AIRFLOW_CTX_TASK_ID=wait_dbt_saltpay_redshift-public_skynet_skynet__countries
AIRFLOW_CTX_EXECUTION_DATE=2023-03-05T04:20:00+00:00
AIRFLOW_CTX_TRY_NUMBER=1
AIRFLOW_CTX_DAG_RUN_ID=scheduled__2023-03-05T04:20:00+00:00
[2023-03-06T04:20:06.610+0000] {external_latest_task.py:39} INFO - Poking for latest run of tasks ['skynet__countries.test'] in dag dbt_saltpay_redshift-public_skynet ... 
[2023-03-06T04:20:06.672+0000] {base.py:213} INFO - Success criteria met. Exiting.
[2023-03-06T04:20:06.725+0000] {warnings.py:109} WARNING - /home/airflow/.local/lib/python3.8/site-packages/airflow/models/taskinstance.py:871: SAWarning: TypeDecorator ExecutorConfigType() will not produce a cache key because the ``cache_ok`` attribute is not set to True.  This can have significant performance implications including some performance degradations in comparison to prior SQLAlchemy versions.  Set this attribute to True if this type object's state is safe to use in a cache key, or False to disable this warning. (Background on this error at: https://sqlalche.me/e/14/cprf)
  ti: TaskInstance | None = qry.with_for_update().one_or_none()

[2023-03-06T04:20:06.740+0000] {taskinstance.py:1401} INFO - Marking task as SUCCESS. dag_id=dbt_marts_loyverse_models, task_id=wait_dbt_saltpay_redshift-public_skynet_skynet__countries, execution_date=20230305T042000, start_date=20230306T042004, end_date=20230306T042006
[2023-03-06T04:20:06.809+0000] {local_task_job.py:164} INFO - Task exited with return code 0
[2023-03-06T04:20:06.960+0000] {local_task_job.py:273} INFO - 0 downstream tasks scheduled from follow-on schedule check
