[2023-03-06T12:00:17.171+0000] {warnings.py:109} WARNING - /home/airflow/.local/lib/python3.8/site-packages/airflow/models/taskinstance.py:871: SAWarning: TypeDecorator ExecutorConfigType() will not produce a cache key because the ``cache_ok`` attribute is not set to True.  This can have significant performance implications including some performance degradations in comparison to prior SQLAlchemy versions.  Set this attribute to True if this type object's state is safe to use in a cache key, or False to disable this warning. (Background on this error at: https://sqlalche.me/e/14/cprf)
  ti: TaskInstance | None = qry.with_for_update().one_or_none()

[2023-03-06T12:00:17.227+0000] {taskinstance.py:1165} INFO - Dependencies all met for <TaskInstance: dbt_marts_terminal-data_models.wait_dbt_saltpay_terminal-data_terminal_data__terminal_printer scheduled__2023-03-06T11:00:00+00:00 [queued]>
[2023-03-06T12:00:17.297+0000] {taskinstance.py:1165} INFO - Dependencies all met for <TaskInstance: dbt_marts_terminal-data_models.wait_dbt_saltpay_terminal-data_terminal_data__terminal_printer scheduled__2023-03-06T11:00:00+00:00 [queued]>
[2023-03-06T12:00:17.297+0000] {taskinstance.py:1362} INFO - 
--------------------------------------------------------------------------------
[2023-03-06T12:00:17.297+0000] {taskinstance.py:1363} INFO - Starting attempt 1 of 2
[2023-03-06T12:00:17.297+0000] {taskinstance.py:1364} INFO - 
--------------------------------------------------------------------------------
[2023-03-06T12:00:17.386+0000] {taskinstance.py:1383} INFO - Executing <Task(ExternalLatestTaskSensor): wait_dbt_saltpay_terminal-data_terminal_data__terminal_printer> on 2023-03-06 11:00:00+00:00
[2023-03-06T12:00:17.398+0000] {standard_task_runner.py:54} INFO - Started process 270763 to run task
[2023-03-06T12:00:17.403+0000] {standard_task_runner.py:82} INFO - Running: ['airflow', 'tasks', 'run', 'dbt_marts_terminal-data_models', 'wait_dbt_saltpay_terminal-data_terminal_data__terminal_printer', 'scheduled__2023-03-06T11:00:00+00:00', '--job-id', '1676802', '--raw', '--subdir', 'DAGS_FOLDER/engineering/dbt/dbt_marts_terminal-data_models.py', '--cfg-path', '/tmp/tmpcbamd3g8']
[2023-03-06T12:00:17.404+0000] {standard_task_runner.py:83} INFO - Job 1676802: Subtask wait_dbt_saltpay_terminal-data_terminal_data__terminal_printer
[2023-03-06T12:00:17.405+0000] {dagbag.py:525} INFO - Filling up the DagBag from /opt/airflow/dags/engineering/dbt/dbt_marts_terminal-data_models.py
[2023-03-06T12:00:17.421+0000] {warnings.py:109} WARNING - /home/airflow/.local/lib/python3.8/site-packages/airflow_dbt/hooks/dbt_hook.py:7: DeprecationWarning: The `airflow.hooks.base_hook.BaseHook` class is deprecated. Please use `'airflow.hooks.base.BaseHook'`.
  from airflow.hooks.base_hook import BaseHook

[2023-03-06T12:00:17.423+0000] {warnings.py:109} WARNING - /home/airflow/.local/lib/python3.8/site-packages/airflow_dbt/operators/dbt_operator.py:6: RemovedInAirflow3Warning: This decorator is deprecated. 

In previous versions, all subclasses of BaseOperator must use apply_default decorator for the `default_args` feature to work properly.

In current version, it is optional. The decorator is applied automatically using the metaclass.

  class DbtBaseOperator(BaseOperator):

[2023-03-06T12:00:17.424+0000] {warnings.py:109} WARNING - /home/airflow/.local/lib/python3.8/site-packages/airflow_dbt/operators/__init__.py:1: RemovedInAirflow3Warning: This decorator is deprecated. 

In previous versions, all subclasses of BaseOperator must use apply_default decorator for the `default_args` feature to work properly.

In current version, it is optional. The decorator is applied automatically using the metaclass.

  from .dbt_operator import (

[2023-03-06T12:00:17.428+0000] {warnings.py:109} WARNING - /home/airflow/.local/lib/python3.8/site-packages/airflow/models/dag.py:3393: RemovedInAirflow3Warning: Param `schedule_interval` is deprecated and will be removed in a future release. Please use `schedule` instead. 
  with DAG(

[2023-03-06T12:00:19.829+0000] {task_command.py:384} INFO - Running <TaskInstance: dbt_marts_terminal-data_models.wait_dbt_saltpay_terminal-data_terminal_data__terminal_printer scheduled__2023-03-06T11:00:00+00:00 [running]> on host saltdata-platform-airflow-data-prd-eu-west-1-worker-68b9976gwwd
[2023-03-06T12:00:19.831+0000] {warnings.py:109} WARNING - /home/airflow/.local/lib/python3.8/site-packages/airflow/models/taskinstance.py:873: SAWarning: TypeDecorator ExecutorConfigType() will not produce a cache key because the ``cache_ok`` attribute is not set to True.  This can have significant performance implications including some performance degradations in comparison to prior SQLAlchemy versions.  Set this attribute to True if this type object's state is safe to use in a cache key, or False to disable this warning. (Background on this error at: https://sqlalche.me/e/14/cprf)
  ti = qry.one_or_none()

[2023-03-06T12:00:22.158+0000] {taskinstance.py:1590} INFO - Exporting the following env vars:
AIRFLOW_CTX_DAG_OWNER=AnalyticsEngineers
AIRFLOW_CTX_DAG_ID=dbt_marts_terminal-data_models
AIRFLOW_CTX_TASK_ID=wait_dbt_saltpay_terminal-data_terminal_data__terminal_printer
AIRFLOW_CTX_EXECUTION_DATE=2023-03-06T11:00:00+00:00
AIRFLOW_CTX_TRY_NUMBER=1
AIRFLOW_CTX_DAG_RUN_ID=scheduled__2023-03-06T11:00:00+00:00
[2023-03-06T12:00:22.159+0000] {external_latest_task.py:39} INFO - Poking for latest run of tasks ['terminal_data__terminal_printer.test'] in dag dbt_saltpay_terminal-data ... 
[2023-03-06T12:00:22.505+0000] {base.py:213} INFO - Success criteria met. Exiting.
[2023-03-06T12:00:22.811+0000] {warnings.py:109} WARNING - /home/airflow/.local/lib/python3.8/site-packages/airflow/models/taskinstance.py:871: SAWarning: TypeDecorator ExecutorConfigType() will not produce a cache key because the ``cache_ok`` attribute is not set to True.  This can have significant performance implications including some performance degradations in comparison to prior SQLAlchemy versions.  Set this attribute to True if this type object's state is safe to use in a cache key, or False to disable this warning. (Background on this error at: https://sqlalche.me/e/14/cprf)
  ti: TaskInstance | None = qry.with_for_update().one_or_none()

[2023-03-06T12:00:22.895+0000] {taskinstance.py:1401} INFO - Marking task as SUCCESS. dag_id=dbt_marts_terminal-data_models, task_id=wait_dbt_saltpay_terminal-data_terminal_data__terminal_printer, execution_date=20230306T110000, start_date=20230306T120017, end_date=20230306T120022
[2023-03-06T12:00:23.265+0000] {warnings.py:109} WARNING - /home/airflow/.local/lib/python3.8/site-packages/airflow/models/taskinstance.py:873: SAWarning: TypeDecorator ExecutorConfigType() will not produce a cache key because the ``cache_ok`` attribute is not set to True.  This can have significant performance implications including some performance degradations in comparison to prior SQLAlchemy versions.  Set this attribute to True if this type object's state is safe to use in a cache key, or False to disable this warning. (Background on this error at: https://sqlalche.me/e/14/cprf)
  ti = qry.one_or_none()

[2023-03-06T12:00:23.318+0000] {local_task_job.py:164} INFO - Task exited with return code 0
[2023-03-06T12:00:23.595+0000] {local_task_job.py:273} INFO - 0 downstream tasks scheduled from follow-on schedule check
