[2023-03-06T04:22:53.511+0000] {warnings.py:109} WARNING - /home/airflow/.local/lib/python3.8/site-packages/airflow/models/taskinstance.py:871: SAWarning: TypeDecorator ExecutorConfigType() will not produce a cache key because the ``cache_ok`` attribute is not set to True.  This can have significant performance implications including some performance degradations in comparison to prior SQLAlchemy versions.  Set this attribute to True if this type object's state is safe to use in a cache key, or False to disable this warning. (Background on this error at: https://sqlalche.me/e/14/cprf)
  ti: TaskInstance | None = qry.with_for_update().one_or_none()

[2023-03-06T04:22:53.521+0000] {taskinstance.py:1165} INFO - Dependencies all met for <TaskInstance: dbt_marts_loyverse_models.loyverse_models_payments_object.run scheduled__2023-03-05T04:20:00+00:00 [queued]>
[2023-03-06T04:22:53.531+0000] {taskinstance.py:1165} INFO - Dependencies all met for <TaskInstance: dbt_marts_loyverse_models.loyverse_models_payments_object.run scheduled__2023-03-05T04:20:00+00:00 [queued]>
[2023-03-06T04:22:53.532+0000] {taskinstance.py:1362} INFO - 
--------------------------------------------------------------------------------
[2023-03-06T04:22:53.532+0000] {taskinstance.py:1363} INFO - Starting attempt 1 of 2
[2023-03-06T04:22:53.532+0000] {taskinstance.py:1364} INFO - 
--------------------------------------------------------------------------------
[2023-03-06T04:22:53.550+0000] {taskinstance.py:1383} INFO - Executing <Task(DbtRunOperator): loyverse_models_payments_object.run> on 2023-03-05 04:20:00+00:00
[2023-03-06T04:22:53.560+0000] {standard_task_runner.py:54} INFO - Started process 257571 to run task
[2023-03-06T04:22:53.564+0000] {standard_task_runner.py:82} INFO - Running: ['airflow', 'tasks', 'run', 'dbt_marts_loyverse_models', 'loyverse_models_payments_object.run', 'scheduled__2023-03-05T04:20:00+00:00', '--job-id', '1673769', '--raw', '--subdir', 'DAGS_FOLDER/engineering/dbt/dbt_marts_loyverse_models.py', '--cfg-path', '/tmp/tmpqdg4nkz6']
[2023-03-06T04:22:53.564+0000] {standard_task_runner.py:83} INFO - Job 1673769: Subtask loyverse_models_payments_object.run
[2023-03-06T04:22:53.565+0000] {dagbag.py:525} INFO - Filling up the DagBag from /opt/airflow/dags/engineering/dbt/dbt_marts_loyverse_models.py
[2023-03-06T04:22:53.577+0000] {warnings.py:109} WARNING - /home/airflow/.local/lib/python3.8/site-packages/airflow_dbt/hooks/dbt_hook.py:7: DeprecationWarning: The `airflow.hooks.base_hook.BaseHook` class is deprecated. Please use `'airflow.hooks.base.BaseHook'`.
  from airflow.hooks.base_hook import BaseHook

[2023-03-06T04:22:53.578+0000] {warnings.py:109} WARNING - /home/airflow/.local/lib/python3.8/site-packages/airflow_dbt/operators/dbt_operator.py:6: RemovedInAirflow3Warning: This decorator is deprecated. 

In previous versions, all subclasses of BaseOperator must use apply_default decorator for the `default_args` feature to work properly.

In current version, it is optional. The decorator is applied automatically using the metaclass.

  class DbtBaseOperator(BaseOperator):

[2023-03-06T04:22:53.578+0000] {warnings.py:109} WARNING - /home/airflow/.local/lib/python3.8/site-packages/airflow_dbt/operators/__init__.py:1: RemovedInAirflow3Warning: This decorator is deprecated. 

In previous versions, all subclasses of BaseOperator must use apply_default decorator for the `default_args` feature to work properly.

In current version, it is optional. The decorator is applied automatically using the metaclass.

  from .dbt_operator import (

[2023-03-06T04:22:53.581+0000] {warnings.py:109} WARNING - /home/airflow/.local/lib/python3.8/site-packages/airflow/models/dag.py:3393: RemovedInAirflow3Warning: Param `schedule_interval` is deprecated and will be removed in a future release. Please use `schedule` instead. 
  with DAG(

[2023-03-06T04:22:53.706+0000] {task_command.py:384} INFO - Running <TaskInstance: dbt_marts_loyverse_models.loyverse_models_payments_object.run scheduled__2023-03-05T04:20:00+00:00 [running]> on host saltdata-platform-airflow-data-prd-eu-west-1-worker-68b9976gwwd
[2023-03-06T04:22:53.710+0000] {warnings.py:109} WARNING - /home/airflow/.local/lib/python3.8/site-packages/airflow/models/taskinstance.py:873: SAWarning: TypeDecorator ExecutorConfigType() will not produce a cache key because the ``cache_ok`` attribute is not set to True.  This can have significant performance implications including some performance degradations in comparison to prior SQLAlchemy versions.  Set this attribute to True if this type object's state is safe to use in a cache key, or False to disable this warning. (Background on this error at: https://sqlalche.me/e/14/cprf)
  ti = qry.one_or_none()

[2023-03-06T04:22:53.816+0000] {taskinstance.py:1590} INFO - Exporting the following env vars:
AIRFLOW_CTX_DAG_OWNER=AnalyticsEngineers
AIRFLOW_CTX_DAG_ID=dbt_marts_loyverse_models
AIRFLOW_CTX_TASK_ID=loyverse_models_payments_object.run
AIRFLOW_CTX_EXECUTION_DATE=2023-03-05T04:20:00+00:00
AIRFLOW_CTX_TRY_NUMBER=1
AIRFLOW_CTX_DAG_RUN_ID=scheduled__2023-03-05T04:20:00+00:00
[2023-03-06T04:22:53.816+0000] {dbt_hook.py:128} INFO - /home/airflow/.local/bin/dbt run --profiles-dir /opt/airflow/dags/artifacts/dbt/profiles --models loyverse_models_payments_object
[2023-03-06T04:22:53.835+0000] {dbt_hook.py:138} INFO - Output:
[2023-03-06T04:22:56.923+0000] {dbt_hook.py:142} INFO - [0m04:22:56  Running with dbt=1.2.4
[2023-03-06T04:22:58.642+0000] {dbt_hook.py:142} INFO - [0m04:22:58  Found 2151 models, 949 tests, 0 snapshots, 0 analyses, 285 macros, 1 operation, 0 seed files, 1836 sources, 0 exposures, 0 metrics
[2023-03-06T04:22:58.646+0000] {warnings.py:109} WARNING - /home/airflow/.local/lib/python3.8/site-packages/airflow/models/taskinstance.py:873: SAWarning: TypeDecorator ExecutorConfigType() will not produce a cache key because the ``cache_ok`` attribute is not set to True.  This can have significant performance implications including some performance degradations in comparison to prior SQLAlchemy versions.  Set this attribute to True if this type object's state is safe to use in a cache key, or False to disable this warning. (Background on this error at: https://sqlalche.me/e/14/cprf)
  ti = qry.one_or_none()

[2023-03-06T04:22:58.724+0000] {dbt_hook.py:142} INFO - [0m04:22:58
[2023-03-06T04:23:14.558+0000] {dbt_hook.py:142} INFO - [0m04:23:14
[2023-03-06T04:23:14.558+0000] {dbt_hook.py:142} INFO - [0m04:23:14  Running 1 on-run-start hook
[2023-03-06T04:23:14.566+0000] {dbt_hook.py:142} INFO - [0m04:23:14  1 of 1 START hook: saltdata_dbt.on-run-start.0 ................................. [RUN]
[2023-03-06T04:23:15.340+0000] {dbt_hook.py:142} INFO - [0m04:23:15  1 of 1 OK hook: saltdata_dbt.on-run-start.0 .................................... [[32mSUCCESS 1[0m in 0.77s]
[2023-03-06T04:23:15.340+0000] {dbt_hook.py:142} INFO - [0m04:23:15
[2023-03-06T04:23:16.353+0000] {dbt_hook.py:142} INFO - [0m04:23:16  Concurrency: 4 threads (target='prd')
[2023-03-06T04:23:16.354+0000] {dbt_hook.py:142} INFO - [0m04:23:16
[2023-03-06T04:23:16.369+0000] {dbt_hook.py:142} INFO - [0m04:23:16  1 of 1 START incremental model MARTS.loyverse_models_payments_object ........... [RUN]
[2023-03-06T04:23:38.344+0000] {dbt_hook.py:142} INFO - [0m04:23:38  1 of 1 OK created incremental model MARTS.loyverse_models_payments_object ...... [[32mSUCCESS 4336993[0m in 21.97s]
[2023-03-06T04:23:38.348+0000] {dbt_hook.py:142} INFO - [0m04:23:38
[2023-03-06T04:23:38.348+0000] {dbt_hook.py:142} INFO - [0m04:23:38  Finished running 1 incremental model, 1 hook in 0 hours 0 minutes and 39.62 seconds (39.62s).
[2023-03-06T04:23:38.349+0000] {dbt_hook.py:142} INFO - [0m04:23:38
[2023-03-06T04:23:38.349+0000] {dbt_hook.py:142} INFO - [0m04:23:38  [32mCompleted successfully[0m
[2023-03-06T04:23:38.350+0000] {dbt_hook.py:142} INFO - [0m04:23:38
[2023-03-06T04:23:38.350+0000] {dbt_hook.py:142} INFO - [0m04:23:38  Done. PASS=1 WARN=0 ERROR=0 SKIP=0 TOTAL=1
[2023-03-06T04:23:39.003+0000] {dbt_hook.py:144} INFO - Command exited with return code 0
[2023-03-06T04:23:39.068+0000] {warnings.py:109} WARNING - /home/airflow/.local/lib/python3.8/site-packages/airflow/models/taskinstance.py:871: SAWarning: TypeDecorator ExecutorConfigType() will not produce a cache key because the ``cache_ok`` attribute is not set to True.  This can have significant performance implications including some performance degradations in comparison to prior SQLAlchemy versions.  Set this attribute to True if this type object's state is safe to use in a cache key, or False to disable this warning. (Background on this error at: https://sqlalche.me/e/14/cprf)
  ti: TaskInstance | None = qry.with_for_update().one_or_none()

[2023-03-06T04:23:39.075+0000] {taskinstance.py:1401} INFO - Marking task as SUCCESS. dag_id=dbt_marts_loyverse_models, task_id=loyverse_models_payments_object.run, execution_date=20230305T042000, start_date=20230306T042253, end_date=20230306T042339
[2023-03-06T04:23:39.216+0000] {local_task_job.py:164} INFO - Task exited with return code 0
[2023-03-06T04:23:39.312+0000] {local_task_job.py:273} INFO - 1 downstream tasks scheduled from follow-on schedule check
